<?xml version="1.0" encoding="UTF-8"?>
<!-- Generated by org.testng.reporters.JUnitXMLReporter -->
<testsuite ignored="0" hostname="DESKTOP-7KBB9M5" failures="0" tests="2" name="Default test" time="0.423" errors="0" timestamp="03 Aug 2022 15:10:16 GMT">
  <testcase classname="com.swaglabs.tests.SauceLabCartPageTests" name="validateOrderSuccessMessage" time="0.008"/>
  <testcase classname="com.swaglabs.tests.SauceLabCartPageTests" name="validateOrderSuccessMessage" time="0.001"/>
</testsuite> <!-- Default test -->
