<?xml version="1.0" encoding="UTF-8"?>
<!-- Generated by org.testng.reporters.JUnitXMLReporter -->
<testsuite ignored="2" hostname="DESKTOP-7KBB9M5" failures="0" tests="2" name="Test" time="71.47" errors="0" timestamp="04 Aug 2022 05:36:22 GMT">
  <testcase classname="com.swaglabs.tests.SauceLabCheckoutCompletePageTests" name="validateOrderSuccessMessage" time="29.094"/>
  <testcase classname="com.swaglabs.tests.SauceLabCheckoutCompletePageTests" name="validateOrderSuccessMessage" time="28.75"/>
  <testcase classname="com.swaglabs.tests.BaseTest" name="@AfterSuite afterSuite" time="0.0">
    <ignored/>
  </testcase> <!-- @AfterSuite afterSuite -->
  <testcase classname="com.swaglabs.tests.BaseTest" name="@BeforeSuite beforeSuite" time="0.0">
    <ignored/>
  </testcase> <!-- @BeforeSuite beforeSuite -->
</testsuite> <!-- Test -->
