<?xml version="1.0" encoding="UTF-8"?>
<!-- Generated by org.testng.reporters.JUnitXMLReporter -->
<testsuite ignored="2" hostname="DESKTOP-7KBB9M5" failures="0" tests="1" name="Test" time="2.045" errors="0" timestamp="03 Aug 2022 16:44:09 GMT">
  <testcase classname="com.swaglabs.tests.SauceLabCheckoutCompletePageTests" name="validateOrderSuccessMessage" time="0.0">
    <skipped/>
  </testcase> <!-- validateOrderSuccessMessage -->
  <testcase classname="com.swaglabs.tests.BaseTest" name="@AfterSuite afterSuite" time="0.0">
    <ignored/>
  </testcase> <!-- @AfterSuite afterSuite -->
  <testcase classname="com.swaglabs.tests.BaseTest" name="@BeforeSuite beforeSuite" time="0.0">
    <ignored/>
  </testcase> <!-- @BeforeSuite beforeSuite -->
</testsuite> <!-- Test -->
