<?xml version="1.0" encoding="UTF-8"?>
<testng-results ignored="2" total="3" passed="1" failed="0" skipped="0">
  <reporter-output>
  </reporter-output>
  <suite started-at="2022-08-02T15:37:36Z" name="Suite" finished-at="2022-08-02T15:37:42Z" duration-ms="5948">
    <groups>
    </groups>
    <test started-at="2022-08-02T15:37:36Z" name="Test" finished-at="2022-08-02T15:37:42Z" duration-ms="5948">
      <class name="com.swaglabs.tests.SauceLabLoginPageTests">
        <test-method is-config="true" signature="beforeSuite()[pri:0, instance:com.swaglabs.tests.SauceLabLoginPageTests@6d026701]" started-at="2022-08-02T15:37:35Z" name="beforeSuite" finished-at="2022-08-02T15:37:36Z" duration-ms="200" status="PASS">
          <reporter-output>
          </reporter-output>
        </test-method> <!-- beforeSuite -->
        <test-method is-config="true" signature="setUp()[pri:0, instance:com.swaglabs.tests.SauceLabLoginPageTests@6d026701]" started-at="2022-08-02T15:37:36Z" name="setUp" finished-at="2022-08-02T15:37:41Z" duration-ms="5535" status="PASS">
          <reporter-output>
          </reporter-output>
        </test-method> <!-- setUp -->
        <test-method signature="loginTest()[pri:0, instance:com.swaglabs.tests.SauceLabLoginPageTests@6d026701]" started-at="2022-08-02T15:37:41Z" name="loginTest" finished-at="2022-08-02T15:37:42Z" duration-ms="397" status="PASS">
          <reporter-output>
          </reporter-output>
        </test-method> <!-- loginTest -->
        <test-method is-config="true" signature="tearDown()[pri:0, instance:com.swaglabs.tests.SauceLabLoginPageTests@6d026701]" started-at="2022-08-02T15:37:42Z" name="tearDown" finished-at="2022-08-02T15:37:42Z" duration-ms="0" status="PASS">
          <reporter-output>
          </reporter-output>
        </test-method> <!-- tearDown -->
        <test-method is-config="true" signature="afterSuite()[pri:0, instance:com.swaglabs.tests.SauceLabLoginPageTests@6d026701]" started-at="2022-08-02T15:37:42Z" name="afterSuite" finished-at="2022-08-02T15:37:42Z" duration-ms="511" status="PASS">
          <reporter-output>
          </reporter-output>
        </test-method> <!-- afterSuite -->
      </class> <!-- com.swaglabs.tests.SauceLabLoginPageTests -->
    </test> <!-- Test -->
  </suite> <!-- Suite -->
</testng-results>
